2019-06-05 16:58:49 [scrapy.utils.log] INFO: Scrapy 1.6.0 started (bot: renren)
2019-06-05 16:58:49 [scrapy.utils.log] INFO: Versions: lxml 4.3.3.0, libxml2 2.9.9, cssselect 1.0.3, parsel 1.5.1, w3lib 1.20.0, Twisted 19.2.0, Python 3.6.8 |Anaconda, Inc.| (default, Feb 21 2019, 18:30:04) [MSC v.1916 64 bit (AMD64)], pyOpenSSL 19.0.0 (OpenSSL 1.1.1c  28 May 2019), cryptography 2.6.1, Platform Windows-7-6.1.7601-SP1
2019-06-05 16:58:49 [scrapy.crawler] INFO: Overridden settings: {'BOT_NAME': 'renren', 'LOG_FILE': 'renren_status.log', 'LOG_LEVEL': 'INFO', 'NEWSPIDER_MODULE': 'renren.spiders', 'ROBOTSTXT_OBEY': True, 'SPIDER_MODULES': ['renren.spiders'], 'USER_AGENT': 'Mozilla/5.0 (Windows NT 6.1; WOW64) AppleWebKit/537.36 (KHTML, like Gecko) Chrome/74.0.3729.169 Safari/537.36'}
2019-06-05 16:58:49 [scrapy.extensions.telnet] INFO: Telnet Password: 56f2a21344610248
2019-06-05 16:58:49 [scrapy.middleware] INFO: Enabled extensions:
['scrapy.extensions.corestats.CoreStats',
 'scrapy.extensions.telnet.TelnetConsole',
 'scrapy.extensions.logstats.LogStats']
2019-06-05 16:58:49 [scrapy.middleware] INFO: Enabled downloader middlewares:
['scrapy.downloadermiddlewares.robotstxt.RobotsTxtMiddleware',
 'scrapy.downloadermiddlewares.httpauth.HttpAuthMiddleware',
 'scrapy.downloadermiddlewares.downloadtimeout.DownloadTimeoutMiddleware',
 'scrapy.downloadermiddlewares.defaultheaders.DefaultHeadersMiddleware',
 'scrapy.downloadermiddlewares.useragent.UserAgentMiddleware',
 'renren.utils.proxyMiddlewares.MyRetryMiddleware',
 'renren.utils.proxyMiddlewares.ProxyMiddleware',
 'scrapy.downloadermiddlewares.retry.RetryMiddleware',
 'scrapy.downloadermiddlewares.redirect.MetaRefreshMiddleware',
 'scrapy.downloadermiddlewares.httpcompression.HttpCompressionMiddleware',
 'scrapy.downloadermiddlewares.redirect.RedirectMiddleware',
 'scrapy.downloadermiddlewares.cookies.CookiesMiddleware',
 'scrapy.downloadermiddlewares.httpproxy.HttpProxyMiddleware',
 'scrapy.downloadermiddlewares.stats.DownloaderStats']
2019-06-05 16:58:49 [scrapy.middleware] INFO: Enabled spider middlewares:
['scrapy.spidermiddlewares.httperror.HttpErrorMiddleware',
 'scrapy.spidermiddlewares.offsite.OffsiteMiddleware',
 'scrapy.spidermiddlewares.referer.RefererMiddleware',
 'scrapy.spidermiddlewares.urllength.UrlLengthMiddleware',
 'scrapy.spidermiddlewares.depth.DepthMiddleware']
2019-06-05 16:58:49 [scrapy.middleware] INFO: Enabled item pipelines:
['renren.utils.writeFilePipeline.WriteFilePipeline']
2019-06-05 16:58:49 [scrapy.core.engine] INFO: Spider opened
2019-06-05 16:58:49 [scrapy.extensions.logstats] INFO: Crawled 0 pages (at 0 pages/min), scraped 0 items (at 0 items/min)
2019-06-05 16:58:49 [scrapy.extensions.telnet] INFO: Telnet console listening on 127.0.0.1:6023
2019-06-05 16:58:52 [root] INFO: parse_albumlist Url http://photo.renren.com/photo/567330667/albumlist/v7?offset=0&limit=40&showAll=1
2019-06-05 16:58:52 [scrapy.spidermiddlewares.httperror] INFO: Ignoring response <403 http://photo.renren.com/photo/567330667/album-1012378034/bypage/ajax/v7?page=0&pageSize=20&requestToken=602123598&_rtk=efa4aba8>: HTTP status code is not handled or not allowed
2019-06-05 16:58:52 [scrapy.spidermiddlewares.httperror] INFO: Ignoring response <403 http://photo.renren.com/photo/567330667/album-942216296/bypage/ajax/v7?page=0&pageSize=20&requestToken=602123598&_rtk=efa4aba8>: HTTP status code is not handled or not allowed
2019-06-05 16:58:52 [root] INFO: parse_photo_list Url http://photo.renren.com/photo/567330667/album-942215839/bypage/ajax/v7?page=0&pageSize=20&requestToken=602123598&_rtk=efa4aba8
2019-06-05 16:58:52 [scrapy.spidermiddlewares.httperror] INFO: Ignoring response <403 http://photo.renren.com/photo/567330667/album-1000716850/bypage/ajax/v7?page=0&pageSize=20&requestToken=602123598&_rtk=efa4aba8>: HTTP status code is not handled or not allowed
2019-06-05 16:58:52 [scrapy.spidermiddlewares.httperror] INFO: Ignoring response <403 http://photo.renren.com/photo/567330667/album-952241012/bypage/ajax/v7?page=0&pageSize=20&requestToken=602123598&_rtk=efa4aba8>: HTTP status code is not handled or not allowed
2019-06-05 16:58:52 [scrapy.spidermiddlewares.httperror] INFO: Ignoring response <403 http://photo.renren.com/photo/567330667/album-953955363/bypage/ajax/v7?page=0&pageSize=20&requestToken=602123598&_rtk=efa4aba8>: HTTP status code is not handled or not allowed
2019-06-05 16:58:52 [root] INFO: parse_photo_list Url http://photo.renren.com/photo/567330667/album-962778399/bypage/ajax/v7?page=0&pageSize=20&requestToken=602123598&_rtk=efa4aba8
2019-06-05 16:58:52 [scrapy.spidermiddlewares.httperror] INFO: Ignoring response <403 http://photo.renren.com/photo/567330667/album-1042265924/bypage/ajax/v7?page=0&pageSize=20&requestToken=602123598&_rtk=efa4aba8>: HTTP status code is not handled or not allowed
2019-06-05 16:58:52 [root] INFO: parse_photo_list Url http://photo.renren.com/photo/567330667/album-992500464/bypage/ajax/v7?page=0&pageSize=20&requestToken=602123598&_rtk=efa4aba8
2019-06-05 16:58:52 [root] INFO: parse_photo_list Url http://photo.renren.com/photo/567330667/album-956719032/bypage/ajax/v7?page=0&pageSize=20&requestToken=602123598&_rtk=efa4aba8
2019-06-05 16:58:52 [root] INFO: parse_photo_list Url http://photo.renren.com/photo/567330667/album-985054366/bypage/ajax/v7?page=0&pageSize=20&requestToken=602123598&_rtk=efa4aba8
2019-06-05 16:58:52 [root] INFO: parse_photo_list Url http://photo.renren.com/photo/567330667/album-952236481/bypage/ajax/v7?page=0&pageSize=20&requestToken=602123598&_rtk=efa4aba8
2019-06-05 16:58:52 [scrapy.spidermiddlewares.httperror] INFO: Ignoring response <403 http://photo.renren.com/photo/567330667/album-1054868050/bypage/ajax/v7?page=0&pageSize=20&requestToken=602123598&_rtk=efa4aba8>: HTTP status code is not handled or not allowed
2019-06-05 16:58:52 [scrapy.spidermiddlewares.httperror] INFO: Ignoring response <403 http://photo.renren.com/photo/567330667/album-1013084474/bypage/ajax/v7?page=0&pageSize=20&requestToken=602123598&_rtk=efa4aba8>: HTTP status code is not handled or not allowed
2019-06-05 16:58:52 [root] INFO: parse_photo_list Url http://photo.renren.com/photo/567330667/album-981147238/bypage/ajax/v7?page=0&pageSize=20&requestToken=602123598&_rtk=efa4aba8
2019-06-05 16:58:52 [scrapy.spidermiddlewares.httperror] INFO: Ignoring response <403 http://photo.renren.com/photo/567330667/album-1090818316/bypage/ajax/v7?page=0&pageSize=20&requestToken=602123598&_rtk=efa4aba8>: HTTP status code is not handled or not allowed
2019-06-05 16:58:52 [scrapy.spidermiddlewares.httperror] INFO: Ignoring response <403 http://photo.renren.com/photo/567330667/album-1035732195/bypage/ajax/v7?page=0&pageSize=20&requestToken=602123598&_rtk=efa4aba8>: HTTP status code is not handled or not allowed
2019-06-05 16:58:52 [root] WARNING: 返回值异常, 进行重试...
2019-06-05 16:58:52 [root] INFO: parse_photo_list Url http://photo.renren.com/photo/567330667/album-964782737/bypage/ajax/v7?page=0&pageSize=20&requestToken=602123598&_rtk=efa4aba8
2019-06-05 16:58:52 [scrapy.spidermiddlewares.httperror] INFO: Ignoring response <503 http://photo.renren.com/photo/567330667/album-942215839/bypage/ajax/v7?page=1&pageSize=20&requestToken=602123598&_rtk=efa4aba8>: HTTP status code is not handled or not allowed
2019-06-05 16:59:07 [root] INFO: parse_photo_list Url http://photo.renren.com/photo/567330667/album-1038345330/bypage/ajax/v7?page=0&pageSize=20&requestToken=602123598&_rtk=efa4aba8
2019-06-05 16:59:07 [scrapy.core.engine] INFO: Closing spider (finished)
2019-06-05 16:59:07 [scrapy.statscollectors] INFO: Dumping Scrapy stats:
{'downloader/request_bytes': 30037,
 'downloader/request_count': 29,
 'downloader/request_method_count/GET': 29,
 'downloader/response_bytes': 75875,
 'downloader/response_count': 29,
 'downloader/response_status_count/200': 11,
 'downloader/response_status_count/403': 10,
 'downloader/response_status_count/503': 8,
 'finish_reason': 'finished',
 'finish_time': datetime.datetime(2019, 6, 5, 8, 59, 7, 766851),
 'httperror/response_ignored_count': 11,
 'httperror/response_ignored_status_count/403': 10,
 'httperror/response_ignored_status_count/503': 1,
 'log_count/INFO': 30,
 'log_count/WARNING': 1,
 'request_depth_max': 2,
 'response_received_count': 22,
 'retry/count': 7,
 'retry/max_reached': 2,
 'retry/reason_count/503 Service Unavailable': 7,
 'robotstxt/request_count': 1,
 'robotstxt/response_count': 1,
 'robotstxt/response_status_count/200': 1,
 'scheduler/dequeued': 28,
 'scheduler/dequeued/memory': 28,
 'scheduler/enqueued': 28,
 'scheduler/enqueued/memory': 28,
 'start_time': datetime.datetime(2019, 6, 5, 8, 58, 49, 452851)}
2019-06-05 16:59:07 [scrapy.core.engine] INFO: Spider closed (finished)
